mode: set
distributor/cmd/api/handlers.go:23.68,31.16 3 1
distributor/cmd/api/handlers.go:37.2,38.16 2 1
distributor/cmd/api/handlers.go:43.2,57.16 6 1
distributor/cmd/api/handlers.go:62.2,66.48 4 1
distributor/cmd/api/handlers.go:31.16,34.3 2 0
distributor/cmd/api/handlers.go:38.16,41.3 2 0
distributor/cmd/api/handlers.go:57.16,60.3 2 0
distributor/cmd/api/handlers.go:71.71,78.16 3 1
distributor/cmd/api/handlers.go:83.2,84.16 2 1
distributor/cmd/api/handlers.go:89.2,103.16 6 1
distributor/cmd/api/handlers.go:109.2,113.48 4 1
distributor/cmd/api/handlers.go:78.16,81.3 2 0
distributor/cmd/api/handlers.go:84.16,87.3 2 0
distributor/cmd/api/handlers.go:103.16,107.3 3 0
distributor/cmd/api/handlers.go:118.70,125.16 3 1
distributor/cmd/api/handlers.go:130.2,131.16 2 1
distributor/cmd/api/handlers.go:136.2,150.16 6 1
distributor/cmd/api/handlers.go:156.2,160.48 4 1
distributor/cmd/api/handlers.go:125.16,128.3 2 0
distributor/cmd/api/handlers.go:131.16,134.3 2 0
distributor/cmd/api/handlers.go:150.16,154.3 3 0
distributor/cmd/api/helpers.go:12.85,20.16 5 1
distributor/cmd/api/helpers.go:26.2,27.19 2 1
distributor/cmd/api/helpers.go:31.2,31.12 1 1
distributor/cmd/api/helpers.go:20.16,23.3 2 0
distributor/cmd/api/helpers.go:27.19,29.3 1 0
distributor/cmd/api/helpers.go:35.105,37.16 2 1
distributor/cmd/api/helpers.go:40.2,40.22 1 1
distributor/cmd/api/helpers.go:46.2,49.16 4 1
distributor/cmd/api/helpers.go:52.2,52.12 1 1
distributor/cmd/api/helpers.go:37.16,39.3 1 0
distributor/cmd/api/helpers.go:40.22,41.38 1 0
distributor/cmd/api/helpers.go:41.38,43.4 1 0
distributor/cmd/api/helpers.go:49.16,51.3 1 0
distributor/cmd/api/helpers.go:63.90,66.21 2 1
distributor/cmd/api/helpers.go:71.2,75.46 4 1
distributor/cmd/api/helpers.go:66.21,68.3 1 1
distributor/cmd/api/main.go:15.13,29.16 5 0
distributor/cmd/api/main.go:29.16,31.3 1 0
distributor/cmd/api/routes.go:11.42,33.2 7 1
