mode: set
distributor/cmd/api/handlers.go:23.68,31.16 3 0
distributor/cmd/api/handlers.go:37.2,38.16 2 0
distributor/cmd/api/handlers.go:43.2,57.16 6 0
distributor/cmd/api/handlers.go:62.2,66.48 4 0
distributor/cmd/api/handlers.go:31.16,34.3 2 0
distributor/cmd/api/handlers.go:38.16,41.3 2 0
distributor/cmd/api/handlers.go:57.16,60.3 2 0
distributor/cmd/api/handlers.go:71.71,79.16 4 0
distributor/cmd/api/handlers.go:84.2,85.16 2 0
distributor/cmd/api/handlers.go:90.2,104.16 6 0
distributor/cmd/api/handlers.go:110.2,114.48 4 0
distributor/cmd/api/handlers.go:79.16,82.3 2 0
distributor/cmd/api/handlers.go:85.16,88.3 2 0
distributor/cmd/api/handlers.go:104.16,108.3 3 0
distributor/cmd/api/handlers.go:119.70,126.16 3 0
distributor/cmd/api/handlers.go:131.2,132.16 2 0
distributor/cmd/api/handlers.go:137.2,151.16 6 0
distributor/cmd/api/handlers.go:157.2,161.48 4 0
distributor/cmd/api/handlers.go:126.16,129.3 2 0
distributor/cmd/api/handlers.go:132.16,135.3 2 0
distributor/cmd/api/handlers.go:151.16,155.3 3 0
distributor/cmd/api/helpers.go:12.85,20.16 5 0
distributor/cmd/api/helpers.go:26.2,27.19 2 0
distributor/cmd/api/helpers.go:31.2,31.12 1 0
distributor/cmd/api/helpers.go:20.16,23.3 2 0
distributor/cmd/api/helpers.go:27.19,29.3 1 0
distributor/cmd/api/helpers.go:35.105,37.16 2 0
distributor/cmd/api/helpers.go:40.2,40.22 1 0
distributor/cmd/api/helpers.go:46.2,49.16 4 0
distributor/cmd/api/helpers.go:52.2,52.12 1 0
distributor/cmd/api/helpers.go:37.16,39.3 1 0
distributor/cmd/api/helpers.go:40.22,41.38 1 0
distributor/cmd/api/helpers.go:41.38,43.4 1 0
distributor/cmd/api/helpers.go:49.16,51.3 1 0
distributor/cmd/api/helpers.go:63.90,66.21 2 0
distributor/cmd/api/helpers.go:71.2,75.46 4 0
distributor/cmd/api/helpers.go:66.21,68.3 1 0
distributor/cmd/api/main.go:14.13,26.16 5 0
distributor/cmd/api/main.go:26.16,28.3 1 0
distributor/cmd/api/routes.go:11.42,33.2 7 1
distributor/cmd/api/test_setup.go:21.29,24.2 1 0
distributor/cmd/api/test_setup.go:26.63,32.12 4 0
distributor/cmd/api/test_setup.go:38.2,38.57 1 0
distributor/cmd/api/test_setup.go:32.12,33.48 1 0
distributor/cmd/api/test_setup.go:33.48,35.4 1 0
distributor/cmd/api/test_setup.go:38.57,40.3 1 0
